Arguments: 
  C:\Program Files\nodejs\node.exe C:\Users\olteg\AppData\Roaming\npm\node_modules\yarn\bin\yarn.js install

PATH: 
  C:\Program Files\PowerShell\7;C:\WINDOWS\system32;C:\WINDOWS;C:\WINDOWS\System32\Wbem;C:\WINDOWS\System32\WindowsPowerShell\v1.0\;C:\WINDOWS\System32\OpenSSH\;C:\Program Files\Git\cmd;C:\Program Files\Microsoft SQL Server\120\Tools\Binn\;C:\Program Files\Common Files\Autodesk Shared\;C:\Program Files\Go\bin;C:\Program Files\Docker\Docker\resources\bin;C:\ProgramData\DockerDesktop\version-bin;C:\Program Files\nodejs\;C:\Program Files\PowerShell\7\;C:\Users\olteg\AppData\Local\Microsoft\WindowsApps;;C:\Users\olteg\AppData\Local\Programs\Microsoft VS Code\bin;C:\Users\olteg\go\bin;C:\Users\olteg\AppData\Roaming\npm

Yarn version: 
  1.22.17

Node version: 
  16.17.0

Platform: 
  win32 x64

Trace: 
  SyntaxError: C:\Users\olteg\projects\oort-common\packages\ui\package.json: Unexpected token } in JSON at position 2066
      at JSON.parse (<anonymous>)
      at C:\Users\olteg\AppData\Roaming\npm\node_modules\yarn\lib\cli.js:1625:59
      at Generator.next (<anonymous>)
      at step (C:\Users\olteg\AppData\Roaming\npm\node_modules\yarn\lib\cli.js:310:30)
      at C:\Users\olteg\AppData\Roaming\npm\node_modules\yarn\lib\cli.js:321:13

npm manifest: 
  {
    "name": "@oort/ui",
    "version": "0.1.6",
    "scripts": {
      "clean": "rimraf dist",
      "build:types": "tsc",
      "build:source": "vite build",
      "build": "yarn clean && yarn tsc && vite build",
      "test": "jest",
      "prepack": "json -f package.json -I -e \"delete this.devDependencies; delete this.dependencies\"",
      "storybook": "start-storybook -p 6006",
      "build-storybook": "build-storybook",
      "rm": "rimraf node_modules"
    },
    "jest": {
      "verbose": true,
      "resetMocks": false,
      "setupFiles": [
        "jest-localstorage-mock"
      ],
      "transform": {
        "^.+\\.tsx?$": "ts-jest"
      }
    },
    "dependencies": {
      "@esbuild-plugins/node-globals-polyfill": "^0.1.1",
      "@oort/logger": "*",
      "@oort/web3-connectors": "*",
      "@types/react-router-dom": "^5.3.3",
      "antd": "4.23.0",
      "blockies-ts": "^1.0.0",
      "ethers": "^5.7.0",
      "mobx": "^6.6.2",
      "mobx-react": "^7.5.3",
      "react": "^18.2.0",
      "react-dom": "^18.2.0",
      "react-router-dom": "^6.4.1",
      "typescript-cookie": "^1.0.4"
    },
    "devDependencies": {
      "@babel/core": "^7.19.0",
      "@storybook/addon-actions": "^6.5.10",
      "@storybook/addon-essentials": "^6.5.10",
      "@storybook/addon-interactions": "^6.5.10",
      "@storybook/addon-links": "^6.5.10",
      "@storybook/builder-webpack5": "^6.5.10",
      "@storybook/manager-webpack5": "^6.5.10",
      "@storybook/react": "^6.5.10",
      "@storybook/testing-library": "^0.0.13",
      "@types/jest": "^29.1.1",
      "@types/node": "18.7.14",
      "@types/react": "18.0.18",
      "@types/react-dom": "18.0.6",
      "@vitejs/plugin-react": "1.2.0",
      "babel-loader": "^8.2.5",
      "css-loader": "^6.7.1",
      "jest": "^29.1.2",
      "jest-localstorage-mock": "^2.4.22",
      "less": "^4.1.3",
      "less-loader": "^11.0.0",
      "node-polyfill-webpack-plugin": "^2.0.1",
      "react-slick": "^0.29.0",
      "storybook-preset-less": "^1.1.3",
      "style-loader": "^3.3.1",
      "ts-jest": "^29.0.3",
      "typescript": "4.8.2",
      "vite": "3.1.0",
      "vite-plugin-dts": "1.4.1",
      "axios": "^1.1.2",
    },
    "license": "UNLICENSED",
    "files": [
      "dist"
    ],
    "main": "dist/ui.cjs.js",
    "module": "dist/ui.es.js",
    "types": "dist/index.d.ts"
  }

yarn manifest: 
  No manifest

Lockfile: 
  No lockfile
